[ERROR][user.go:93]2019/12/05 12:40:36 [Error 1062: Duplicate entry '1' for key 'user_id_UNIQUE']
[ERROR][user.go:93]2019/12/05 12:40:38 [Error 1062: Duplicate entry '1' for key 'user_id_UNIQUE']
[ERROR][user.go:93]2019/12/05 12:40:40 [Error 1062: Duplicate entry '1' for key 'user_id_UNIQUE']
[ERROR][user.go:93]2019/12/05 12:42:14 [Error 1062: Duplicate entry '1' for key 'user_id_UNIQUE']
[ERROR][user.go:93]2019/12/05 12:42:16 [Error 1062: Duplicate entry '1' for key 'user_id_UNIQUE']
[FATAL][file.go:35]2019/12/05 13:02:25 [<nil>]
[FATAL][file.go:35]2019/12/05 13:06:43 [open static/uploadfile/108.png: no such file or directory]
[FATAL][file.go:35]2019/12/05 13:08:00 [open static/uploadfile/108.png: no such file or directory]
[ERROR][feedback.go:23]2019/12/05 18:21:40 [unsupported function BeforeCreate]
[ERROR][feedback.go:23]2019/12/05 18:27:52 [unsupported function BeforeCreate]
[ERROR][user.go:118]2019/12/05 18:31:13 [unsupported function BeforeCreate]
[ERROR][user.go:117]2019/12/05 18:33:01 [Error 1054: Unknown column 'created_at' in 'field list']
[ERROR][feedback.go:21]2019/12/05 19:03:49 [Error 1054: Unknown column 'created_at' in 'field list']
[ERROR][feedback.go:23]2019/12/05 19:09:51 [unsupported function BeforeCreate]
[ERROR][feedback.go:23]2019/12/05 19:17:46 [unsupported function BeforeCreate]
[ERROR][feedback.go:42]2019/12/05 19:22:57 [record not found]
[ERROR][feedback.go:42]2019/12/05 19:24:05 [record not found]
[ERROR][feedback.go:56]2019/12/05 19:30:16 [unsupported function BeforeUpdate]
[ERROR][feedback.go:56]2019/12/05 19:32:57 [unsupported function BeforeUpdate]
[ERROR][feedback.go:56]2019/12/05 19:34:41 [Error 1265: Data truncated for column 'updated_at' at row 1]
[ERROR][feedback.go:56]2019/12/05 19:37:34 [Error 1265: Data truncated for column 'updated_at' at row 1]
[ERROR][feedback.go:56]2019/12/05 19:39:46 [Error 1265: Data truncated for column 'updated_at' at row 1]
[ERROR][feedback.go:56]2019/12/05 19:44:28 [Error 1265: Data truncated for column 'updated_at' at row 1]
[ERROR][feedback.go:56]2019/12/05 19:46:14 [Error 1265: Data truncated for column 'updated_at' at row 1]
[ERROR][feedback.go:56]2019/12/05 19:50:38 [Error 1265: Data truncated for column 'updated_at' at row 1]
[ERROR][feedback.go:56]2019/12/05 19:51:25 [Error 1265: Data truncated for column 'updated_at' at row 1]
[ERROR][feedback.go:56]2019/12/05 19:59:04 [Error 1265: Data truncated for column 'updated_at' at row 1]
[ERROR][feedback.go:56]2019/12/05 20:00:24 [Error 1265: Data truncated for column 'updated_at' at row 1]
[ERROR][feedback.go:54]2019/12/05 20:05:05 [Error 1265: Data truncated for column 'updated_at' at row 1]
[ERROR][feedback.go:54]2019/12/05 20:06:35 [Error 1265: Data truncated for column 'updated_at' at row 1]
[ERROR][feedback.go:54]2019/12/05 20:06:57 [Error 1265: Data truncated for column 'updated_at' at row 1]
[ERROR][feedback.go:54]2019/12/05 20:07:46 [Error 1265: Data truncated for column 'updated_at' at row 1]
[ERROR][feedback.go:54]2019/12/05 20:13:27 [Error 1265: Data truncated for column 'updated_at' at row 1]
[ERROR][feedback.go:54]2019/12/05 20:14:56 [Error 1265: Data truncated for column 'updated_at' at row 1]
